Not translating since translation file exists: ../translations/google/en-it.txt
#total = 3888; 
 acc = 39.6%; f1_male = 56.0% (p: 47.3 / r: 68.5); f1_female = 23.1% (p: 54.4 / r: 14.7)
Gold distribution: male: 47.0% (1826), female: 46.86% (1822), neutral: 6.17% (0)
Predictions: male: 68.0%, female: 12.7%, neutral: 17.0%
male professions = ['physician', 'writer', 'supervisor', 'sheriff', 'an assistant', ' physician', 'technician', 'employee', 'worker', 'student', 'educator', 'homeowner', 'therapist', 'undergraduate', 'administrator', 'visitor', 'child', 'advisee', 'advisor', 'pharmacist', 'psychologist', 'onlooker', 'investigator', 'specialist', 'protester', 'pathologist', 'resident', 'planner', 'practitioner', 'plumber', 'instructor', 'surgeon', 'owner', 'veterinarian', 'paramedic', 'examiner', 'chemist', 'machinist', 'buyer', 'appraiser', 'nutritionist', 'architect', 'programmer', 'paralegal', 'scientist', 'bystander', 'dietitian', 'painter', 'broker', 'chef', 'doctor', 'firefighter']
female professions = ['guard', 'a housekeeper', 'engineer', 'pedestrian', 'victim', 'passenger', 'guest']
neutral professions = ['inspector', 'teenager', 'bartender', 'electrician', 'officer', 'hygienist']
ambiguous professions = ['developer', 'designer', 'mechanic', 'clerk', 'mover', 'housekeeper', 'analyst', 'assistant', 'chief', 'salesperson', 'librarian', 'lawyer', 'hairdresser', 'cook', 'teacher', 'baker', 'farmer', 'ceo', 'nurse', 'manager', 'driver', 'auditor', 'receptionist', 'editor', 'secretary', 'cleaner', 'laborer', 'cashier', 'tailor', 'construction worker', 'counselor', 'carpenter', 'janitor', 'accountant', 'attendant', 'customer', 'someone', 'taxpayer', 'client', 'patient', 'witness', 'dispatcher']
defaultdict(<function evaluate_bias.<locals>.<lambda> at 0x118fb3d90>,
            {<GENDER.male: 0>: defaultdict(<function evaluate_bias.<locals>.<lambda>.<locals>.<lambda> at 0x119cf8840>,
                                           {<GENDER.male: 0>: 1250,
                                            <GENDER.neutral: 2>: 319,
                                            <GENDER.female: 1>: 213,
                                            <GENDER.unknown: 3>: 44}),
             <GENDER.neutral: 2>: defaultdict(<function evaluate_bias.<locals>.<lambda>.<locals>.<lambda> at 0x119cf8ea0>,
                                              {<GENDER.male: 0>: 205,
                                               <GENDER.neutral: 2>: 22,
                                               <GENDER.female: 1>: 12,
                                               <GENDER.unknown: 3>: 1}),
             <GENDER.female: 1>: defaultdict(<function evaluate_bias.<locals>.<lambda>.<locals>.<lambda> at 0x119cf8d90>,
                                             {<GENDER.male: 0>: 1188,
                                              <GENDER.neutral: 2>: 321,
                                              <GENDER.female: 1>: 268,
                                              <GENDER.unknown: 3>: 45})})
