Not translating since translation file exists: ../translations/bing/en-es.txt
#total = 3888; 
 acc = 47.3%; f1_male = 60.6% (p: 48.0 / r: 82.1); f1_female = 23.8% (p: 53.3 / r: 15.3)
Gold distribution: male: 47.0% (1826), female: 46.86% (1822), neutral: 6.17% (0)
Predictions: male: 80.3%, female: 13.5%, neutral: 6.0%
male professions = ['developer', 'salesperson', 'physician', 'an assistant', ' physician', 'customer', 'technician', 'taxpayer', 'employee', 'engineer', 'client', 'pedestrian', 'worker', 'student', 'educator', 'patient', 'homeowner', 'inspector', 'therapist', 'teenager', 'undergraduate', 'administrator', 'visitor', 'child', 'advisee', 'advisor', 'pharmacist', 'psychologist', 'onlooker', 'witness', 'investigator', 'bartender', 'electrician', 'officer', 'protester', 'pathologist', 'resident', 'planner', 'practitioner', 'plumber', 'instructor', 'surgeon', 'owner', 'veterinarian', 'paramedic', 'passenger', 'examiner', 'chemist', 'machinist', 'buyer', 'appraiser', 'nutritionist', 'architect', 'programmer', 'paralegal', 'hygienist', 'scientist', 'dispatcher', 'bystander', 'dietitian', 'painter', 'broker', 'guest', 'chef', 'doctor', 'firefighter']
female professions = ['nurse', 'a housekeeper', 'victim']
neutral professions = ['someone']
ambiguous professions = ['designer', 'mechanic', 'clerk', 'mover', 'housekeeper', 'analyst', 'assistant', 'chief', 'librarian', 'lawyer', 'hairdresser', 'cook', 'teacher', 'baker', 'farmer', 'ceo', 'manager', 'driver', 'auditor', 'receptionist', 'guard', 'editor', 'secretary', 'cleaner', 'laborer', 'cashier', 'tailor', 'writer', 'construction worker', 'counselor', 'carpenter', 'janitor', 'accountant', 'supervisor', 'attendant', 'sheriff', 'specialist']
defaultdict(<function evaluate_bias.<locals>.<lambda> at 0x1141f3b70>,
            {<GENDER.male: 0>: defaultdict(<function evaluate_bias.<locals>.<lambda>.<locals>.<lambda> at 0x11f5e60d0>,
                                           {<GENDER.male: 0>: 1499,
                                            <GENDER.neutral: 2>: 86,
                                            <GENDER.female: 1>: 236,
                                            <GENDER.unknown: 3>: 5}),
             <GENDER.neutral: 2>: defaultdict(<function evaluate_bias.<locals>.<lambda>.<locals>.<lambda> at 0x11f5e6158>,
                                              {<GENDER.male: 0>: 171,
                                               <GENDER.neutral: 2>: 61,
                                               <GENDER.female: 1>: 8}),
             <GENDER.female: 1>: defaultdict(<function evaluate_bias.<locals>.<lambda>.<locals>.<lambda> at 0x11f5e6048>,
                                             {<GENDER.male: 0>: 1453,
                                              <GENDER.neutral: 2>: 85,
                                              <GENDER.female: 1>: 279,
                                              <GENDER.unknown: 3>: 5})})
